#
# There is insufficient memory for the Java Runtime Environment to continue.
# Native memory allocation (mmap) failed to map 1073741824 bytes for G1 virtual space
# Possible reasons:
#   The system is out of physical RAM or swap space
#   The process is running with CompressedOops enabled, and the Java Heap may be blocking the growth of the native heap
# Possible solutions:
#   Reduce memory load on the system
#   Increase physical memory or swap space
#   Check if swap backing store is full
#   Decrease Java heap size (-Xmx/-Xms)
#   Decrease number of Java threads
#   Decrease Java thread stack sizes (-Xss)
#   Set larger code cache with -XX:ReservedCodeCacheSize=
#   JVM is running with Zero Based Compressed Oops mode in which the Java heap is
#     placed in the first 32GB address space. The Java Heap base address is the
#     maximum limit for the native heap growth. Please use -XX:HeapBaseMinAddress
#     to set the Java Heap base and to place the Java Heap above 32GB virtual address.
# This output file may be truncated or incomplete.
#
#  Out of Memory Error (os_windows.cpp:3747), pid=54588, tid=63752
#
# JRE version:  (17.0.3+7) (build )
# Java VM: OpenJDK 64-Bit Server VM (17.0.3+7-b469.37, mixed mode, sharing, tiered, compressed oops, compressed class ptrs, g1 gc, windows-amd64)
# No core dump will be written. Minidumps are not enabled by default on client versions of Windows
#

---------------  S U M M A R Y ------------

Command Line: git4idea.http.GitAskPassApp Username for 'https://github.com': 

Host: 12th Gen Intel(R) Core(TM) i9-12900KF, 24 cores, 63G,  Windows 11 , 64 bit Build 22621 (10.0.22621.1928)
Time: Mon Jul 24 15:40:58 2023 Central Daylight Time elapsed time: 0.008554 seconds (0d 0h 0m 0s)

---------------  T H R E A D  ---------------

Current thread (0x000002421d592050):  JavaThread "Unknown thread" [_thread_in_vm, id=63752, stack(0x00000045c1200000,0x00000045c1300000)]

Stack: [0x00000045c1200000,0x00000045c1300000]
Native frames: (J=compiled Java code, j=interpreted, Vv=VM code, C=native code)
V  [jvm.dll+0x681f8a]
V  [jvm.dll+0x83e374]
V  [jvm.dll+0x83fb1e]
V  [jvm.dll+0x840183]
V  [jvm.dll+0x2492a5]
V  [jvm.dll+0x67ee59]
V  [jvm.dll+0x67355a]
V  [jvm.dll+0x308fab]
V  [jvm.dll+0x310466]
V  [jvm.dll+0x3601de]
V  [jvm.dll+0x36040f]
V  [jvm.dll+0x2df098]
V  [jvm.dll+0x2e0004]
V  [jvm.dll+0x80fc61]
V  [jvm.dll+0x36df61]
V  [jvm.dll+0x7ef17c]
V  [jvm.dll+0x3f10ef]
V  [jvm.dll+0x3f2c31]
C  [jli.dll+0x526b]
C  [ucrtbase.dll+0x29363]
C  [KERNEL32.DLL+0x126ad]
C  [ntdll.dll+0x5aa68]


---------------  P R O C E S S  ---------------

Threads class SMR info:
_java_thread_list=0x00007fff40a86f18, length=0, elements={
}

Java Threads: ( => current thread )

Other Threads:
  0x000002421d644910 GCTaskThread "GC Thread#0" [stack: 0x00000045c1300000,0x00000045c1400000] [id=75812]
  0x000002421d5b1d90 ConcurrentGCThread "G1 Main Marker" [stack: 0x00000045c1400000,0x00000045c1500000] [id=33768]
  0x0000024256a68f60 ConcurrentGCThread "G1 Conc#0" [stack: 0x00000045c1500000,0x00000045c1600000] [id=31276]

[error occurred during error reporting (printing all threads), id 0xc0000005, EXCEPTION_ACCESS_VIOLATION (0xc0000005) at pc=0x00007fff4023fc57]

VM state: not at safepoint (not fully initialized)

VM Mutex/Monitor currently owned by a thread:  ([mutex/lock_event])
[0x000002421d58d080] Heap_lock - owner thread: 0x000002421d592050

Heap address: 0x0000000403000000, size: 16336 MB, Compressed Oops mode: Zero based, Oop shift amount: 3

CDS archive(s) mapped at: [0x0000000000000000-0x0000000000000000-0x0000000000000000), size 0, SharedBaseAddress: 0x0000000800000000, ArchiveRelocationMode: 0.
Narrow klass base: 0x0000000000000000, Narrow klass shift: 0, Narrow klass range: 0x0

GC Precious Log:
<Empty>

Heap:
 garbage-first heap   total 0K, used 0K [0x0000000403000000, 0x0000000800000000)
  region size 8192K, 0 young (0K), 0 survivors (0K)

[error occurred during error reporting (printing heap information), id 0xc0000005, EXCEPTION_ACCESS_VIOLATION (0xc0000005) at pc=0x00007fff4062bbd9]

GC Heap History (0 events):
No events

Deoptimization events (0 events):
No events

Classes unloaded (0 events):
No events

Classes redefined (0 events):
No events

Internal exceptions (0 events):
No events

VM Operations (0 events):
No events

Events (1 events):
Event: 0.004 Loaded shared library C:\Users\drewh\AppData\Local\JetBrains\IntelliJ IDEA 2022.2.1\jbr\bin\java.dll


Dynamic libraries:
0x00007ff70df50000 - 0x00007ff70df5a000 	C:\Users\drewh\AppData\Local\JetBrains\IntelliJ IDEA 2022.2.1\jbr\bin\java.exe
0x00007fff82df0000 - 0x00007fff83004000 	C:\WINDOWS\SYSTEM32\ntdll.dll
0x00007fff81770000 - 0x00007fff81832000 	C:\WINDOWS\System32\KERNEL32.DLL
0x00007fff805c0000 - 0x00007fff80963000 	C:\WINDOWS\System32\KERNELBASE.dll
0x00007fff80380000 - 0x00007fff80491000 	C:\WINDOWS\System32\ucrtbase.dll
0x00007fff57ce0000 - 0x00007fff57cf7000 	C:\Users\drewh\AppData\Local\JetBrains\IntelliJ IDEA 2022.2.1\jbr\bin\jli.dll
0x00007fff55ee0000 - 0x00007fff55efb000 	C:\Users\drewh\AppData\Local\JetBrains\IntelliJ IDEA 2022.2.1\jbr\bin\VCRUNTIME140.dll
0x00007fff82250000 - 0x00007fff823fa000 	C:\WINDOWS\System32\USER32.dll
0x00007fff80350000 - 0x00007fff80376000 	C:\WINDOWS\System32\win32u.dll
0x00007fff6db40000 - 0x00007fff6ddce000 	C:\WINDOWS\WinSxS\amd64_microsoft.windows.common-controls_6595b64144ccf1df_6.0.22621.1635_none_270f70857386168e\COMCTL32.dll
0x00007fff810a0000 - 0x00007fff810c9000 	C:\WINDOWS\System32\GDI32.dll
0x00007fff81610000 - 0x00007fff816b7000 	C:\WINDOWS\System32\msvcrt.dll
0x00007fff804a0000 - 0x00007fff805b9000 	C:\WINDOWS\System32\gdi32full.dll
0x00007fff802b0000 - 0x00007fff8034a000 	C:\WINDOWS\System32\msvcp_win.dll
0x00007fff81040000 - 0x00007fff81071000 	C:\WINDOWS\System32\IMM32.DLL
0x00007fff7cc80000 - 0x00007fff7cc8c000 	C:\Users\drewh\AppData\Local\JetBrains\IntelliJ IDEA 2022.2.1\jbr\bin\vcruntime140_1.dll
0x00007fff1d770000 - 0x00007fff1d7fd000 	C:\Users\drewh\AppData\Local\JetBrains\IntelliJ IDEA 2022.2.1\jbr\bin\msvcp140.dll
0x00007fff3ff50000 - 0x00007fff40bb8000 	C:\Users\drewh\AppData\Local\JetBrains\IntelliJ IDEA 2022.2.1\jbr\bin\server\jvm.dll
0x00007fff82d00000 - 0x00007fff82dae000 	C:\WINDOWS\System32\ADVAPI32.dll
0x00007fff81560000 - 0x00007fff81604000 	C:\WINDOWS\System32\sechost.dll
0x00007fff820e0000 - 0x00007fff821f7000 	C:\WINDOWS\System32\RPCRT4.dll
0x00007fff818a0000 - 0x00007fff818a8000 	C:\WINDOWS\System32\PSAPI.DLL
0x00007fff50230000 - 0x00007fff50239000 	C:\WINDOWS\SYSTEM32\WSOCK32.dll
0x00007fff82c00000 - 0x00007fff82c71000 	C:\WINDOWS\System32\WS2_32.dll
0x00007fff78810000 - 0x00007fff7881a000 	C:\WINDOWS\SYSTEM32\VERSION.dll
0x00007fff76100000 - 0x00007fff76134000 	C:\WINDOWS\SYSTEM32\WINMM.dll
0x00007fff7f2e0000 - 0x00007fff7f2f8000 	C:\WINDOWS\SYSTEM32\kernel.appcore.dll
0x00007fff7bb10000 - 0x00007fff7bb1a000 	C:\Users\drewh\AppData\Local\JetBrains\IntelliJ IDEA 2022.2.1\jbr\bin\jimage.dll
0x00007fff7db10000 - 0x00007fff7dd3e000 	C:\WINDOWS\SYSTEM32\DBGHELP.DLL
0x00007fff80cb0000 - 0x00007fff81039000 	C:\WINDOWS\System32\combase.dll
0x00007fff80bd0000 - 0x00007fff80ca7000 	C:\WINDOWS\System32\OLEAUT32.dll
0x00007fff68ee0000 - 0x00007fff68f12000 	C:\WINDOWS\SYSTEM32\dbgcore.DLL
0x00007fff80ae0000 - 0x00007fff80b5a000 	C:\WINDOWS\System32\bcryptPrimitives.dll
0x00007fff7bab0000 - 0x00007fff7bad5000 	C:\Users\drewh\AppData\Local\JetBrains\IntelliJ IDEA 2022.2.1\jbr\bin\java.dll

dbghelp: loaded successfully - version: 4.0.5 - missing functions: none
symbol engine: initialized successfully - sym options: 0x614 - pdb path: .;C:\Users\drewh\AppData\Local\JetBrains\IntelliJ IDEA 2022.2.1\jbr\bin;C:\WINDOWS\SYSTEM32;C:\WINDOWS\WinSxS\amd64_microsoft.windows.common-controls_6595b64144ccf1df_6.0.22621.1635_none_270f70857386168e;C:\Users\drewh\AppData\Local\JetBrains\IntelliJ IDEA 2022.2.1\jbr\bin\server

VM Arguments:
java_command: git4idea.http.GitAskPassApp Username for 'https://github.com': 
java_class_path (initial): C:/Users/drewh/AppData/Local/JetBrains/IntelliJ IDEA 2022.2.1/plugins/git4idea/lib/git4idea-rt.jar;C:/Users/drewh/AppData/Local/JetBrains/IntelliJ IDEA 2022.2.1/lib/externalProcess-rt.jar;C:/Users/drewh/AppData/Local/JetBrains/IntelliJ IDEA 2022.2.1/lib/app.jar;C:/Users/drewh/AppData/Local/JetBrains/IntelliJ IDEA 2022.2.1/lib/3rd-party-rt.jar
Launcher Type: SUN_STANDARD

[Global flags]
     intx CICompilerCount                          = 12                                        {product} {ergonomic}
     uint ConcGCThreads                            = 5                                         {product} {ergonomic}
     uint G1ConcRefinementThreads                  = 18                                        {product} {ergonomic}
   size_t G1HeapRegionSize                         = 8388608                                   {product} {ergonomic}
    uintx GCDrainStackTargetSize                   = 64                                        {product} {ergonomic}
   size_t InitialHeapSize                          = 1073741824                                {product} {ergonomic}
   size_t MarkStackSize                            = 4194304                                   {product} {ergonomic}
   size_t MaxHeapSize                              = 17129537536                               {product} {ergonomic}
   size_t MinHeapDeltaBytes                        = 8388608                                   {product} {ergonomic}
   size_t MinHeapSize                              = 8388608                                   {product} {ergonomic}
    uintx NonNMethodCodeHeapSize                   = 7602480                                {pd product} {ergonomic}
    uintx NonProfiledCodeHeapSize                  = 122027880                              {pd product} {ergonomic}
    uintx ProfiledCodeHeapSize                     = 122027880                              {pd product} {ergonomic}
    uintx ReservedCodeCacheSize                    = 251658240                              {pd product} {ergonomic}
     bool SegmentedCodeCache                       = true                                      {product} {ergonomic}
   size_t SoftMaxHeapSize                          = 17129537536                            {manageable} {ergonomic}
     bool UseCompressedClassPointers               = true                           {product lp64_product} {ergonomic}
     bool UseCompressedOops                        = true                           {product lp64_product} {ergonomic}
     bool UseG1GC                                  = true                                      {product} {ergonomic}
     bool UseLargePagesIndividualAllocation        = false                                  {pd product} {ergonomic}

Logging:
Log output configuration:
 #0: stdout all=warning uptime,level,tags
 #1: stderr all=off uptime,level,tags

Environment Variables:
PATH=C:/Users/drewh/AppData/Local/Programs/Git/mingw64/libexec/git-core;C:/Users/drewh/AppData/Local/Programs/Git/mingw64/libexec/git-core;C:\Users\drewh\AppData\Local\Programs\Git\mingw64\bin;C:\Users\drewh\AppData\Local\Programs\Git\usr\bin;C:\Users\drewh\bin;C:\Python311\Scripts\;C:\Python311\;E:\VM\bin\;C:\Program Files\Common Files\Oracle\Java\javapath;C:\Program Files (x86)\Common Files\Oracle\Java\javapath;C:\Windows\system32;C:\Windows;C:\Windows\System32\Wbem;C:\Windows\System32\WindowsPowerShell\v1.0\;C:\Windows\System32\OpenSSH\;C:\Program Files (x86)\NVIDIA Corporation\PhysX\Common;C:\Program Files\dotnet\;C:\WINDOWS\system32;C:\WINDOWS;C:\WINDOWS\System32\Wbem;C:\WINDOWS\System32\WindowsPowerShell\v1.0\;C:\WINDOWS\System32\OpenSSH\;C:\Program Files\Docker\Docker\resources\bin;C:\Program Files\nodejs\;C:\ProgramData\chocolatey\bin;C:\Program Files\Calibre2\;C:\Program Files (x86)\Yarn\bin\;C:\Program Files\WorldPainter;C:\Program Files (x86)\Gpg4win\..\GnuPG\bin;C:\Users\drewh\.cargo\bin;C:\Users\drewh\AppData\Local\Programs\Python\Python39\Scripts\;C:\Users\drewh\AppData\Local\Programs\Python\Python39\;C:\Users\drewh\AppData\Local\Programs\Python\Python310\Scripts\;C:\Users\drewh\AppData\Local\Programs\Python\Python310\;C:\Users\drewh\scoop\apps\openjdk\current\bin;C:\Users\drewh\scoop\shims;C:\Users\drewh\AppData\Local\Microsoft\WindowsApps;C:\Users\drewh\AppData\Local\atom\bin;C:\Users\drewh\AppData\Local\Microsoft\WindowsApps;C:\Users\drewh\AppData\Local\Programs\Git\cmd;C:\Users\drewh\AppData\Local\GitHubDesktop\bin;C:\Users\drewh\AppData\Local\spicetify;C:\Users\drewh\AppData\Roaming\npm;C:\Program Files (x86)\Nmap;C:\Users\drewh\AppData\Local\Yarn\bin
USERNAME=drewh
DISPLAY=:0.0
LC_ALL=en_US.UTF-8
OS=Windows_NT
PROCESSOR_IDENTIFIER=Intel64 Family 6 Model 151 Stepping 2, GenuineIntel



---------------  S Y S T E M  ---------------

OS:
 Windows 11 , 64 bit Build 22621 (10.0.22621.1928)
OS uptime: 3 days 1:08 hours
Hyper-V role detected

CPU: total 24 (initial active 24) (12 cores per cpu, 2 threads per core) family 6 model 151 stepping 2 microcode 0x23, cx8, cmov, fxsr, ht, mmx, 3dnowpref, sse, sse2, sse3, ssse3, sse4.1, sse4.2, popcnt, lzcnt, tsc, tscinvbit, avx, avx2, aes, erms, clmul, bmi1, bmi2, adx, sha, fma, vzeroupper, clflush, clflushopt, clwb, hv

Memory: 4k page, system-wide physical 65328M (29705M free)
TotalPageFile size 184545M (AvailPageFile size 658M)
current process WorkingSet (physical memory assigned to process): 11M, peak: 11M
current process commit charge ("private bytes"): 81M, peak: 1105M

vm_info: OpenJDK 64-Bit Server VM (17.0.3+7-b469.37) for windows-amd64 JRE (17.0.3+7-b469.37), built on 2022-08-01 by "builduser" with MS VC++ 16.10 / 16.11 (VS2019)

END.
